<?xml version="1.0" encoding="UTF-8"?><testrun name="PersonTest" project="lesson2" tests="3" started="3" failures="1" errors="0" ignored="0">
  <testsuite name="com.arka.javacourse.lesson2.PersonTest" time="0.003" displayname="PersonTest" uniqueid="[engine:junit-vintage]/[runner:com.arka.javacourse.lesson2.PersonTest]">
    <testcase name="shouldReturnHelloWorld" classname="com.arka.javacourse.lesson2.PersonTest" time="0.0" displayname="shouldReturnHelloWorld" uniqueid="[engine:junit-vintage]/[runner:com.arka.javacourse.lesson2.PersonTest]/[test:shouldReturnHelloWorld(com.arka.javacourse.lesson2.PersonTest)]"/>
    <testcase name="shouldReturnNumberOfPersons" classname="com.arka.javacourse.lesson2.PersonTest" time="0.001" displayname="shouldReturnNumberOfPersons" uniqueid="[engine:junit-vintage]/[runner:com.arka.javacourse.lesson2.PersonTest]/[test:shouldReturnNumberOfPersons(com.arka.javacourse.lesson2.PersonTest)]">
      <failure>java.lang.AssertionError: expected:&lt;3&gt; but was:&lt;4&gt;&#13;
	at org.junit.Assert.fail(Assert.java:88)&#13;
	at org.junit.Assert.failNotEquals(Assert.java:834)&#13;
	at org.junit.Assert.assertEquals(Assert.java:645)&#13;
	at org.junit.Assert.assertEquals(Assert.java:631)&#13;
	at com.arka.javacourse.lesson2.PersonTest.shouldReturnNumberOfPersons(PersonTest.java:27)&#13;
	at sun.reflect.NativeMethodAccessorImpl.invoke0(Native Method)&#13;
	at sun.reflect.NativeMethodAccessorImpl.invoke(NativeMethodAccessorImpl.java:62)&#13;
	at sun.reflect.DelegatingMethodAccessorImpl.invoke(DelegatingMethodAccessorImpl.java:43)&#13;
	at java.lang.reflect.Method.invoke(Method.java:498)&#13;
	at org.junit.runners.model.FrameworkMethod$1.runReflectiveCall(FrameworkMethod.java:50)&#13;
	at org.junit.internal.runners.model.ReflectiveCallable.run(ReflectiveCallable.java:12)&#13;
	at org.junit.runners.model.FrameworkMethod.invokeExplosively(FrameworkMethod.java:47)&#13;
	at org.junit.internal.runners.statements.InvokeMethod.evaluate(InvokeMethod.java:17)&#13;
	at org.junit.runners.ParentRunner.runLeaf(ParentRunner.java:325)&#13;
	at org.junit.runners.BlockJUnit4ClassRunner.runChild(BlockJUnit4ClassRunner.java:78)&#13;
	at org.junit.runners.BlockJUnit4ClassRunner.runChild(BlockJUnit4ClassRunner.java:57)&#13;
	at org.junit.runners.ParentRunner$3.run(ParentRunner.java:290)&#13;
	at org.junit.runners.ParentRunner$1.schedule(ParentRunner.java:71)&#13;
	at org.junit.runners.ParentRunner.runChildren(ParentRunner.java:288)&#13;
	at org.junit.runners.ParentRunner.access$000(ParentRunner.java:58)&#13;
	at org.junit.runners.ParentRunner$2.evaluate(ParentRunner.java:268)&#13;
	at org.junit.runners.ParentRunner.run(ParentRunner.java:363)&#13;
	at org.junit.runner.JUnitCore.run(JUnitCore.java:137)&#13;
	at org.junit.runner.JUnitCore.run(JUnitCore.java:115)&#13;
	at org.junit.vintage.engine.execution.RunnerExecutor.execute(RunnerExecutor.java:40)&#13;
	at java.util.stream.ForEachOps$ForEachOp$OfRef.accept(ForEachOps.java:184)&#13;
	at java.util.stream.ReferencePipeline$3$1.accept(ReferencePipeline.java:193)&#13;
	at java.util.Iterator.forEachRemaining(Iterator.java:116)&#13;
	at java.util.Spliterators$IteratorSpliterator.forEachRemaining(Spliterators.java:1801)&#13;
	at java.util.stream.AbstractPipeline.copyInto(AbstractPipeline.java:481)&#13;
	at java.util.stream.AbstractPipeline.wrapAndCopyInto(AbstractPipeline.java:471)&#13;
	at java.util.stream.ForEachOps$ForEachOp.evaluateSequential(ForEachOps.java:151)&#13;
	at java.util.stream.ForEachOps$ForEachOp$OfRef.evaluateSequential(ForEachOps.java:174)&#13;
	at java.util.stream.AbstractPipeline.evaluate(AbstractPipeline.java:234)&#13;
	at java.util.stream.ReferencePipeline.forEach(ReferencePipeline.java:418)&#13;
	at org.junit.vintage.engine.VintageTestEngine.executeAllChildren(VintageTestEngine.java:80)&#13;
	at org.junit.vintage.engine.VintageTestEngine.execute(VintageTestEngine.java:71)&#13;
	at org.junit.platform.launcher.core.DefaultLauncher.execute(DefaultLauncher.java:229)&#13;
	at org.junit.platform.launcher.core.DefaultLauncher.lambda$execute$6(DefaultLauncher.java:197)&#13;
	at org.junit.platform.launcher.core.DefaultLauncher.withInterceptedStreams(DefaultLauncher.java:211)&#13;
	at org.junit.platform.launcher.core.DefaultLauncher.execute(DefaultLauncher.java:191)&#13;
	at org.junit.platform.launcher.core.DefaultLauncher.execute(DefaultLauncher.java:137)&#13;
	at org.eclipse.jdt.internal.junit5.runner.JUnit5TestReference.run(JUnit5TestReference.java:89)&#13;
	at org.eclipse.jdt.internal.junit.runner.TestExecution.run(TestExecution.java:41)&#13;
	at org.eclipse.jdt.internal.junit.runner.RemoteTestRunner.runTests(RemoteTestRunner.java:541)&#13;
	at org.eclipse.jdt.internal.junit.runner.RemoteTestRunner.runTests(RemoteTestRunner.java:763)&#13;
	at org.eclipse.jdt.internal.junit.runner.RemoteTestRunner.run(RemoteTestRunner.java:463)&#13;
	at org.eclipse.jdt.internal.junit.runner.RemoteTestRunner.main(RemoteTestRunner.java:209)&#13;
&#13;
</failure>
    </testcase>
    <testcase name="shouldReturnHelloArka" classname="com.arka.javacourse.lesson2.PersonTest" time="0.002" displayname="shouldReturnHelloArka" uniqueid="[engine:junit-vintage]/[runner:com.arka.javacourse.lesson2.PersonTest]/[test:shouldReturnHelloArka(com.arka.javacourse.lesson2.PersonTest)]"/>
  </testsuite>
</testrun>
